<?xml version="1.0" encoding="UTF-8"?>
<!-- Generated by org.testng.reporters.JUnitXMLReporter -->
<testsuite hostname="Aashish-PC" name="Default test" tests="3" failures="0" timestamp="6 Aug 2019 08:39:39 GMT" time="25.709" errors="0">
  <testcase name="@BeforeMethod checkTestSkip" time="0.0" classname="TestCases.LoginPageTest">
    <skipped/>
  </testcase> <!-- @BeforeMethod checkTestSkip -->
  <testcase name="@BeforeMethod checkTestSkip" time="0.0" classname="TestCases.LoginPageTest">
    <skipped/>
  </testcase> <!-- @BeforeMethod checkTestSkip -->
  <testcase name="@BeforeMethod checkTestSkip" time="0.0" classname="TestCases.LoginPageTest">
    <skipped/>
  </testcase> <!-- @BeforeMethod checkTestSkip -->
  <testcase name="@AfterClass close" time="0.0" classname="TestCases.LoginPageTest">
    <skipped/>
  </testcase> <!-- @AfterClass close -->
  <testcase name="LoginPageTitleTest" time="0.002" classname="TestCases.LoginPageTest">
    <skipped/>
  </testcase> <!-- LoginPageTitleTest -->
  <testcase name="signin" time="0.004" classname="TestCases.LoginPageTest">
    <skipped/>
  </testcase> <!-- signin -->
  <testcase name="validatelogo" time="0.002" classname="TestCases.LoginPageTest">
    <skipped/>
  </testcase> <!-- validatelogo -->
</testsuite> <!-- Default test -->
