<?xml version="1.0" encoding="UTF-8"?>
<testng-results skipped="3" failed="0" total="3" passed="0">
  <reporter-output>
  </reporter-output>
  <suite name="Default suite" duration-ms="25709" started-at="2019-08-06T08:39:13Z" finished-at="2019-08-06T08:39:39Z">
    <groups>
    </groups>
    <test name="Default test" duration-ms="25709" started-at="2019-08-06T08:39:13Z" finished-at="2019-08-06T08:39:39Z">
      <class name="TestCases.LoginPageTest">
        <test-method status="PASS" signature="setup()[pri:0, instance:TestCases.LoginPageTest@3f0ee7cb]" name="setup" is-config="true" duration-ms="25607" started-at="2019-08-06T14:09:13Z" finished-at="2019-08-06T14:09:38Z">
          <reporter-output>
          </reporter-output>
        </test-method> <!-- setup -->
        <test-method status="SKIP" signature="checkTestSkip(java.lang.reflect.Method)[pri:0, instance:TestCases.LoginPageTest@3f0ee7cb]" name="checkTestSkip" is-config="true" duration-ms="0" started-at="2019-08-06T14:09:38Z" finished-at="2019-08-06T14:09:38Z">
          <params>
            <param index="0">
              <value>
                <![CDATA[public void TestCases.LoginPageTest.LoginPageTitleTest()]]>
              </value>
            </param>
          </params>
          <exception class="org.testng.SkipException">
            <message>
              <![CDATA[Skipping the case as set to No]]>
            </message>
            <full-stacktrace>
              <![CDATA[org.testng.SkipException: Skipping the case as set to No
	at TestCases.LoginPageTest.checkTestSkip(LoginPageTest.java:47)
	at sun.reflect.NativeMethodAccessorImpl.invoke0(Native Method)
	at sun.reflect.NativeMethodAccessorImpl.invoke(Unknown Source)
	at sun.reflect.DelegatingMethodAccessorImpl.invoke(Unknown Source)
	at java.lang.reflect.Method.invoke(Unknown Source)
	at org.testng.internal.MethodInvocationHelper.invokeMethod(MethodInvocationHelper.java:80)
	at org.testng.internal.Invoker.invokeConfigurationMethod(Invoker.java:564)
	at org.testng.internal.Invoker.invokeConfigurations(Invoker.java:213)
	at org.testng.internal.Invoker.invokeMethod(Invoker.java:653)
	at org.testng.internal.Invoker.invokeTestMethod(Invoker.java:901)
	at org.testng.internal.Invoker.invokeTestMethods(Invoker.java:1231)
	at org.testng.internal.TestMethodWorker.invokeTestMethods(TestMethodWorker.java:127)
	at org.testng.internal.TestMethodWorker.run(TestMethodWorker.java:111)
	at org.testng.TestRunner.privateRun(TestRunner.java:767)
	at org.testng.TestRunner.run(TestRunner.java:617)
	at org.testng.SuiteRunner.runTest(SuiteRunner.java:334)
	at org.testng.SuiteRunner.runSequentially(SuiteRunner.java:329)
	at org.testng.SuiteRunner.privateRun(SuiteRunner.java:291)
	at org.testng.SuiteRunner.run(SuiteRunner.java:240)
	at org.testng.SuiteRunnerWorker.runSuite(SuiteRunnerWorker.java:52)
	at org.testng.SuiteRunnerWorker.run(SuiteRunnerWorker.java:86)
	at org.testng.TestNG.runSuitesSequentially(TestNG.java:1198)
	at org.testng.TestNG.runSuitesLocally(TestNG.java:1123)
	at org.testng.TestNG.run(TestNG.java:1031)
	at org.testng.remote.RemoteTestNG.run(RemoteTestNG.java:115)
	at org.testng.remote.RemoteTestNG.initAndRun(RemoteTestNG.java:207)
	at org.testng.remote.RemoteTestNG.main(RemoteTestNG.java:178)
]]>
            </full-stacktrace>
          </exception> <!-- org.testng.SkipException -->
          <reporter-output>
          </reporter-output>
        </test-method> <!-- checkTestSkip -->
        <test-method status="SKIP" signature="LoginPageTitleTest()[pri:0, instance:TestCases.LoginPageTest@3f0ee7cb]" name="LoginPageTitleTest" duration-ms="2" started-at="2019-08-06T14:09:39Z" finished-at="2019-08-06T14:09:39Z">
          <reporter-output>
          </reporter-output>
        </test-method> <!-- LoginPageTitleTest -->
        <test-method status="SKIP" signature="checkTestSkip(java.lang.reflect.Method)[pri:0, instance:TestCases.LoginPageTest@3f0ee7cb]" name="checkTestSkip" is-config="true" duration-ms="0" started-at="2019-08-06T14:09:39Z" finished-at="2019-08-06T14:09:39Z">
          <reporter-output>
          </reporter-output>
        </test-method> <!-- checkTestSkip -->
        <test-method status="SKIP" signature="signin()[pri:0, instance:TestCases.LoginPageTest@3f0ee7cb]" name="signin" duration-ms="4" started-at="2019-08-06T14:09:39Z" finished-at="2019-08-06T14:09:39Z">
          <reporter-output>
          </reporter-output>
        </test-method> <!-- signin -->
        <test-method status="SKIP" signature="checkTestSkip(java.lang.reflect.Method)[pri:0, instance:TestCases.LoginPageTest@3f0ee7cb]" name="checkTestSkip" is-config="true" duration-ms="0" started-at="2019-08-06T14:09:39Z" finished-at="2019-08-06T14:09:39Z">
          <reporter-output>
          </reporter-output>
        </test-method> <!-- checkTestSkip -->
        <test-method status="SKIP" signature="validatelogo()[pri:0, instance:TestCases.LoginPageTest@3f0ee7cb]" name="validatelogo" duration-ms="2" started-at="2019-08-06T14:09:39Z" finished-at="2019-08-06T14:09:39Z">
          <reporter-output>
          </reporter-output>
        </test-method> <!-- validatelogo -->
        <test-method status="SKIP" signature="close()[pri:0, instance:TestCases.LoginPageTest@3f0ee7cb]" name="close" is-config="true" duration-ms="0" started-at="2019-08-06T14:09:39Z" finished-at="2019-08-06T14:09:39Z">
          <reporter-output>
          </reporter-output>
        </test-method> <!-- close -->
      </class> <!-- TestCases.LoginPageTest -->
    </test> <!-- Default test -->
  </suite> <!-- Default suite -->
</testng-results>
